c:\users\agarw\source\repos\p1 - copy\debug\vc141.pdb
c:\users\agarw\source\repos\p1 - copy\debug\vc141.idb
c:\users\agarw\source\repos\p1 - copy\debug\comparison.obj
c:\users\agarw\source\repos\p1 - copy\debug\comparisonengine.obj
c:\users\agarw\source\repos\p1 - copy\debug\dbfile.obj
c:\users\agarw\source\repos\p1 - copy\debug\file.obj
c:\users\agarw\source\repos\p1 - copy\debug\heapfile.obj
c:\users\agarw\source\repos\p1 - copy\debug\lex.yy.obj
c:\users\agarw\source\repos\p1 - copy\debug\main.obj
c:\users\agarw\source\repos\p1 - copy\debug\record.obj
c:\users\agarw\source\repos\p1 - copy\debug\schema.obj
c:\users\agarw\source\repos\p1 - copy\debug\source.obj
c:\users\agarw\source\repos\p1 - copy\debug\test.obj
c:\users\agarw\source\repos\p1 - copy\debug\twowaylist.obj
c:\users\agarw\source\repos\p1 - copy\debug\y.tab.obj
c:\users\agarw\source\repos\p1 - copy\debug\newp1.exe
c:\users\agarw\source\repos\p1 - copy\debug\newp1.tlog\cl.command.1.tlog
c:\users\agarw\source\repos\p1 - copy\debug\newp1.tlog\cl.read.1.tlog
c:\users\agarw\source\repos\p1 - copy\debug\newp1.tlog\cl.write.1.tlog
c:\users\agarw\source\repos\p1 - copy\debug\newp1.tlog\link.command.1.tlog
c:\users\agarw\source\repos\p1 - copy\debug\newp1.tlog\link.read.1.tlog
c:\users\agarw\source\repos\p1 - copy\debug\newp1.tlog\link.write.1.tlog
