c:\users\agarw\source\repos\p1\debug\vc141.pdb
c:\users\agarw\source\repos\p1\debug\vc141.idb
c:\users\agarw\source\repos\p1\debug\comparison.obj
c:\users\agarw\source\repos\p1\debug\comparisonengine.obj
c:\users\agarw\source\repos\p1\debug\dbfile.obj
c:\users\agarw\source\repos\p1\debug\file.obj
c:\users\agarw\source\repos\p1\debug\lex.yy.obj
c:\users\agarw\source\repos\p1\debug\main.obj
c:\users\agarw\source\repos\p1\debug\record.obj
c:\users\agarw\source\repos\p1\debug\schema.obj
c:\users\agarw\source\repos\p1\debug\test.obj
c:\users\agarw\source\repos\p1\debug\twowaylist.obj
c:\users\agarw\source\repos\p1\debug\y.tab.obj
c:\users\agarw\source\repos\p1\debug\p1.pdb
c:\users\agarw\source\repos\p1\debug\p1.tlog\cl.command.1.tlog
c:\users\agarw\source\repos\p1\debug\p1.tlog\cl.read.1.tlog
c:\users\agarw\source\repos\p1\debug\p1.tlog\cl.write.1.tlog
c:\users\agarw\source\repos\p1\debug\p1.tlog\link-cvtres.read.1.tlog
c:\users\agarw\source\repos\p1\debug\p1.tlog\link-cvtres.write.1.tlog
c:\users\agarw\source\repos\p1\debug\p1.tlog\link-rc.read.1.tlog
c:\users\agarw\source\repos\p1\debug\p1.tlog\link-rc.write.1.tlog
c:\users\agarw\source\repos\p1\debug\p1.tlog\link.command.1.tlog
c:\users\agarw\source\repos\p1\debug\p1.tlog\link.read.1.tlog
c:\users\agarw\source\repos\p1\debug\p1.tlog\link.write.1.tlog
