c:\users\agarw\source\repos\p1\release\vc141.pdb
c:\users\agarw\source\repos\p1\release\twowaylist.obj
c:\users\agarw\source\repos\p1\release\test.obj
c:\users\agarw\source\repos\p1\release\schema.obj
c:\users\agarw\source\repos\p1\release\record.obj
c:\users\agarw\source\repos\p1\release\main.obj
c:\users\agarw\source\repos\p1\release\file.obj
c:\users\agarw\source\repos\p1\release\dbfile.obj
c:\users\agarw\source\repos\p1\release\comparisonengine.obj
c:\users\agarw\source\repos\p1\release\comparison.obj
c:\users\agarw\source\repos\p1\release\y.tab.obj
c:\users\agarw\source\repos\p1\release\lex.yy.obj
c:\users\agarw\source\repos\p1\release\hfile.obj
c:\users\agarw\source\repos\p1\release\genericdbfile.obj
c:\users\agarw\source\repos\p1\release\p1.exe
c:\users\agarw\source\repos\p1\release\p1.pdb
c:\users\agarw\source\repos\p1\release\p1.tlog\cl.command.1.tlog
c:\users\agarw\source\repos\p1\release\p1.tlog\cl.read.1.tlog
c:\users\agarw\source\repos\p1\release\p1.tlog\cl.write.1.tlog
c:\users\agarw\source\repos\p1\release\p1.tlog\link-cvtres.read.1.tlog
c:\users\agarw\source\repos\p1\release\p1.tlog\link-cvtres.write.1.tlog
c:\users\agarw\source\repos\p1\release\p1.tlog\link-rc.read.1.tlog
c:\users\agarw\source\repos\p1\release\p1.tlog\link-rc.write.1.tlog
c:\users\agarw\source\repos\p1\release\p1.tlog\link.command.1.tlog
c:\users\agarw\source\repos\p1\release\p1.tlog\link.read.1.tlog
c:\users\agarw\source\repos\p1\release\p1.tlog\link.write.1.tlog
